# JRE version: Java(TM) SE Runtime Environment (10.0+46) (build 10+46)
# Java VM: Java HotSpot(TM) 64-Bit Server VM (10+46, mixed mode, tiered, compressed oops, g1 gc, windows-amd64)
Heap:
 garbage-first heap   total 114688K, used 89163K [0x00000000c0000000, 0x0000000100000000)
  region size 1024K, 19 young (19456K), 4 survivors (4096K)
 Metaspace       used 80561K, capacity 82641K, committed 82888K, reserved 1122304K
  class space    used 9709K, capacity 10395K, committed 10496K, reserved 1048576K
GC Heap History (10 events):
Event: 295.603 GC heap before
{Heap before GC invocations=35 (full 0):
 garbage-first heap   total 114688K, used 91956K [0x00000000c0000000, 0x0000000100000000)
  region size 1024K, 30 young (30720K), 3 survivors (3072K)
 Metaspace       used 75628K, capacity 77454K, committed 77640K, reserved 1118208K
  class space    used 9167K, capacity 9790K, committed 9856K, reserved 1048576K
}
Event: 295.619 GC heap after
{Heap after GC invocations=36 (full 0):
 garbage-first heap   total 114688K, used 65936K [0x00000000c0000000, 0x0000000100000000)
  region size 1024K, 2 young (2048K), 2 survivors (2048K)
 Metaspace       used 75628K, capacity 77454K, committed 77640K, reserved 1118208K
  class space    used 9167K, capacity 9790K, committed 9856K, reserved 1048576K
}
Event: 296.220 GC heap before
{Heap before GC invocations=37 (full 0):
 garbage-first heap   total 114688K, used 93584K [0x00000000c0000000, 0x0000000100000000)
  region size 1024K, 29 young (29696K), 2 survivors (2048K)
 Metaspace       used 78470K, capacity 80312K, committed 80584K, reserved 1120256K
  class space    used 9503K, capacity 10168K, committed 10240K, reserved 1048576K
}
Event: 296.236 GC heap after
{Heap after GC invocations=38 (full 0):
 garbage-first heap   total 114688K, used 67449K [0x00000000c0000000, 0x0000000100000000)
  region size 1024K, 4 young (4096K), 4 survivors (4096K)
 Metaspace       used 78470K, capacity 80312K, committed 80584K, reserved 1120256K
  class space    used 9503K, capacity 10168K, committed 10240K, reserved 1048576K
}
Event: 297.682 GC heap before
{Heap before GC invocations=38 (full 0):
 garbage-first heap   total 114688K, used 94073K [0x00000000c0000000, 0x0000000100000000)
  region size 1024K, 30 young (30720K), 4 survivors (4096K)
 Metaspace       used 79700K, capacity 81768K, committed 81992K, reserved 1120256K
  class space    used 9631K, capacity 10314K, committed 10368K, reserved 1048576K
}
Event: 297.696 GC heap after
{Heap after GC invocations=39 (full 0):
 garbage-first heap   total 114688K, used 68772K [0x00000000c0000000, 0x0000000100000000)
  region size 1024K, 3 young (3072K), 3 survivors (3072K)
 Metaspace       used 79700K, capacity 81768K, committed 81992K, reserved 1120256K
  class space    used 9631K, capacity 10314K, committed 10368K, reserved 1048576K
}
Event: 298.672 GC heap before
{Heap before GC invocations=40 (full 0):
 garbage-first heap   total 114688K, used 95396K [0x00000000c0000000, 0x0000000100000000)
  region size 1024K, 29 young (29696K), 3 survivors (3072K)
 Metaspace       used 80137K, capacity 82117K, committed 82248K, reserved 1122304K
  class space    used 9688K, capacity 10342K, committed 10368K, reserved 1048576K
}
Event: 298.689 GC heap after
{Heap after GC invocations=41 (full 0):
 garbage-first heap   total 114688K, used 70832K [0x00000000c0000000, 0x0000000100000000)
  region size 1024K, 4 young (4096K), 4 survivors (4096K)
 Metaspace       used 80137K, capacity 82117K, committed 82248K, reserved 1122304K
  class space    used 9688K, capacity 10342K, committed 10368K, reserved 1048576K
}
Event: 299.045 GC heap before
{Heap before GC invocations=41 (full 0):
 garbage-first heap   total 114688K, used 95408K [0x00000000c0000000, 0x0000000100000000)
  region size 1024K, 28 young (28672K), 4 survivors (4096K)
 Metaspace       used 80445K, capacity 82513K, committed 82632K, reserved 1122304K
  class space    used 9704K, capacity 10395K, committed 10496K, reserved 1048576K
}
Event: 299.066 GC heap after
{Heap after GC invocations=42 (full 0):
 garbage-first heap   total 114688K, used 74827K [0x00000000c0000000, 0x0000000100000000)
  region size 1024K, 4 young (4096K), 4 survivors (4096K)
 Metaspace       used 80445K, capacity 82513K, committed 82632K, reserved 1122304K
  class space    used 9704K, capacity 10395K, committed 10496K, reserved 1048576K
}

