# JRE version: Java(TM) SE Runtime Environment (10.0+46) (build 10+46)
# Java VM: Java HotSpot(TM) 64-Bit Server VM (10+46, mixed mode, tiered, compressed oops, g1 gc, windows-amd64)
Heap:
 garbage-first heap   total 138240K, used 102650K [0x00000000c0000000, 0x0000000100000000)
  region size 1024K, 7 young (7168K), 1 survivors (1024K)
 Metaspace       used 84412K, capacity 86741K, committed 87120K, reserved 1126400K
  class space    used 10048K, capacity 10773K, committed 10880K, reserved 1048576K
GC Heap History (10 events):
Event: 70.553 GC heap before
{Heap before GC invocations=64 (full 0):
 garbage-first heap   total 138240K, used 119213K [0x00000000c0000000, 0x0000000100000000)
  region size 1024K, 29 young (29696K), 5 survivors (5120K)
 Metaspace       used 82371K, capacity 84691K, committed 85072K, reserved 1124352K
  class space    used 9848K, capacity 10540K, committed 10624K, reserved 1048576K
}
Event: 70.581 GC heap after
{Heap after GC invocations=65 (full 0):
 garbage-first heap   total 138240K, used 94256K [0x00000000c0000000, 0x0000000100000000)
  region size 1024K, 3 young (3072K), 3 survivors (3072K)
 Metaspace       used 82371K, capacity 84691K, committed 85072K, reserved 1124352K
  class space    used 9848K, capacity 10540K, committed 10624K, reserved 1048576K
}
Event: 76.393 GC heap before
{Heap before GC invocations=65 (full 0):
 garbage-first heap   total 138240K, used 124976K [0x00000000c0000000, 0x0000000100000000)
  region size 1024K, 25 young (25600K), 3 survivors (3072K)
 Metaspace       used 82759K, capacity 85137K, committed 85328K, reserved 1124352K
  class space    used 9886K, capacity 10585K, committed 10624K, reserved 1048576K
}
Event: 76.414 GC heap after
{Heap after GC invocations=66 (full 0):
 garbage-first heap   total 138240K, used 96001K [0x00000000c0000000, 0x0000000100000000)
  region size 1024K, 2 young (2048K), 2 survivors (2048K)
 Metaspace       used 82759K, capacity 85137K, committed 85328K, reserved 1124352K
  class space    used 9886K, capacity 10585K, committed 10624K, reserved 1048576K
}
Event: 79.206 GC heap before
{Heap before GC invocations=66 (full 0):
 garbage-first heap   total 138240K, used 117505K [0x00000000c0000000, 0x0000000100000000)
  region size 1024K, 23 young (23552K), 2 survivors (2048K)
 Metaspace       used 83228K, capacity 85603K, committed 85968K, reserved 1124352K
  class space    used 9940K, capacity 10655K, committed 10752K, reserved 1048576K
}
Event: 79.224 GC heap after
{Heap after GC invocations=67 (full 0):
 garbage-first heap   total 138240K, used 97244K [0x00000000c0000000, 0x0000000100000000)
  region size 1024K, 2 young (2048K), 2 survivors (2048K)
 Metaspace       used 83228K, capacity 85603K, committed 85968K, reserved 1124352K
  class space    used 9940K, capacity 10655K, committed 10752K, reserved 1048576K
}
Event: 82.137 GC heap before
{Heap before GC invocations=67 (full 0):
 garbage-first heap   total 138240K, used 117724K [0x00000000c0000000, 0x0000000100000000)
  region size 1024K, 22 young (22528K), 2 survivors (2048K)
 Metaspace       used 84073K, capacity 86398K, committed 86480K, reserved 1124352K
  class space    used 10023K, capacity 10729K, committed 10752K, reserved 1048576K
}
Event: 82.152 GC heap after
{Heap after GC invocations=68 (full 0):
 garbage-first heap   total 138240K, used 98963K [0x00000000c0000000, 0x0000000100000000)
  region size 1024K, 3 young (3072K), 3 survivors (3072K)
 Metaspace       used 84073K, capacity 86398K, committed 86480K, reserved 1124352K
  class space    used 10023K, capacity 10729K, committed 10752K, reserved 1048576K
}
Event: 365.107 GC heap before
{Heap before GC invocations=68 (full 0):
 garbage-first heap   total 138240K, used 118419K [0x00000000c0000000, 0x0000000100000000)
  region size 1024K, 22 young (22528K), 3 survivors (3072K)
 Metaspace       used 84358K, capacity 86713K, committed 87120K, reserved 1126400K
  class space    used 10043K, capacity 10766K, committed 10880K, reserved 1048576K
}
Event: 365.113 GC heap after
{Heap after GC invocations=69 (full 0):
 garbage-first heap   total 138240K, used 97530K [0x00000000c0000000, 0x0000000100000000)
  region size 1024K, 1 young (1024K), 1 survivors (1024K)
 Metaspace       used 84358K, capacity 86713K, committed 87120K, reserved 1126400K
  class space    used 10043K, capacity 10766K, committed 10880K, reserved 1048576K
}

