# JRE version: Java(TM) SE Runtime Environment (10.0+46) (build 10+46)
# Java VM: Java HotSpot(TM) 64-Bit Server VM (10+46, mixed mode, tiered, compressed oops, g1 gc, windows-amd64)
Heap:
 garbage-first heap   total 168960K, used 103388K [0x00000000c0000000, 0x0000000100000000)
  region size 1024K, 13 young (13312K), 1 survivors (1024K)
 Metaspace       used 99694K, capacity 101560K, committed 102256K, reserved 1138688K
  class space    used 11643K, capacity 12329K, committed 12400K, reserved 1048576K
GC Heap History (10 events):
Event: 146.931 GC heap before
{Heap before GC invocations=111 (full 0):
 garbage-first heap   total 168960K, used 118029K [0x00000000c0000000, 0x0000000100000000)
  region size 1024K, 6 young (6144K), 5 survivors (5120K)
 Metaspace       used 91411K, capacity 93110K, committed 93808K, reserved 1132544K
  class space    used 10686K, capacity 11289K, committed 11376K, reserved 1048576K
}
Event: 146.945 GC heap after
{Heap after GC invocations=112 (full 0):
 garbage-first heap   total 168960K, used 85734K [0x00000000c0000000, 0x0000000100000000)
  region size 1024K, 3 young (3072K), 3 survivors (3072K)
 Metaspace       used 91411K, capacity 93110K, committed 93808K, reserved 1132544K
  class space    used 10686K, capacity 11289K, committed 11376K, reserved 1048576K
}
Event: 148.044 GC heap before
{Heap before GC invocations=113 (full 0):
 garbage-first heap   total 168960K, used 108262K [0x00000000c0000000, 0x0000000100000000)
  region size 1024K, 23 young (23552K), 3 survivors (3072K)
 Metaspace       used 93218K, capacity 94937K, committed 95600K, reserved 1132544K
  class space    used 10908K, capacity 11514K, committed 11632K, reserved 1048576K
}
Event: 148.056 GC heap after
{Heap after GC invocations=114 (full 0):
 garbage-first heap   total 168960K, used 87196K [0x00000000c0000000, 0x0000000100000000)
  region size 1024K, 5 young (5120K), 5 survivors (5120K)
 Metaspace       used 93218K, capacity 94937K, committed 95600K, reserved 1132544K
  class space    used 10908K, capacity 11514K, committed 11632K, reserved 1048576K
}
Event: 149.078 GC heap before
{Heap before GC invocations=115 (full 0):
 garbage-first heap   total 168960K, used 102556K [0x00000000c0000000, 0x0000000100000000)
  region size 1024K, 20 young (20480K), 5 survivors (5120K)
 Metaspace       used 95227K, capacity 97003K, committed 97520K, reserved 1134592K
  class space    used 11104K, capacity 11736K, committed 11760K, reserved 1048576K
}
Event: 149.105 GC heap after
{Heap after GC invocations=116 (full 0):
 garbage-first heap   total 168960K, used 90127K [0x00000000c0000000, 0x0000000100000000)
  region size 1024K, 5 young (5120K), 5 survivors (5120K)
 Metaspace       used 95227K, capacity 97003K, committed 97520K, reserved 1134592K
  class space    used 11104K, capacity 11736K, committed 11760K, reserved 1048576K
}
Event: 151.419 GC heap before
{Heap before GC invocations=117 (full 0):
 garbage-first heap   total 168960K, used 131087K [0x00000000c0000000, 0x0000000100000000)
  region size 1024K, 43 young (44032K), 5 survivors (5120K)
 Metaspace       used 99170K, capacity 100962K, committed 101616K, reserved 1138688K
  class space    used 11595K, capacity 12259K, committed 12272K, reserved 1048576K
}
Event: 151.447 GC heap after
{Heap after GC invocations=118 (full 0):
 garbage-first heap   total 168960K, used 92253K [0x00000000c0000000, 0x0000000100000000)
  region size 1024K, 5 young (5120K), 5 survivors (5120K)
 Metaspace       used 99170K, capacity 100962K, committed 101616K, reserved 1138688K
  class space    used 11595K, capacity 12259K, committed 12272K, reserved 1048576K
}
Event: 151.494 GC heap before
{Heap before GC invocations=118 (full 0):
 garbage-first heap   total 168960K, used 95325K [0x00000000c0000000, 0x0000000100000000)
  region size 1024K, 8 young (8192K), 5 survivors (5120K)
 Metaspace       used 99212K, capacity 101026K, committed 101616K, reserved 1138688K
  class space    used 11595K, capacity 12259K, committed 12272K, reserved 1048576K
}
Event: 151.514 GC heap after
{Heap after GC invocations=119 (full 0):
 garbage-first heap   total 168960K, used 92124K [0x00000000c0000000, 0x0000000100000000)
  region size 1024K, 1 young (1024K), 1 survivors (1024K)
 Metaspace       used 99212K, capacity 101026K, committed 101616K, reserved 1138688K
  class space    used 11595K, capacity 12259K, committed 12272K, reserved 1048576K
}

