# JRE version: OpenJDK Runtime Environment (8.0_152-b02) (build 1.8.0_152-release-1024-b02)
# Java VM: OpenJDK 64-Bit Server VM (25.152-b02 mixed mode windows-amd64 compressed oops)
Heap:
 PSYoungGen      total 72704K, used 43609K [0x00000000eab00000, 0x00000000ef900000, 0x0000000100000000)
  eden space 65536K, 55% used [0x00000000eab00000,0x00000000ece9ca70,0x00000000eeb00000)
  from space 7168K, 99% used [0x00000000eeb00000,0x00000000ef1f9ba8,0x00000000ef200000)
  to   space 6656K, 0% used [0x00000000ef280000,0x00000000ef280000,0x00000000ef900000)
 ParOldGen       total 33280K, used 8846K [0x00000000c0000000, 0x00000000c2080000, 0x00000000eab00000)
  object space 33280K, 26% used [0x00000000c0000000,0x00000000c08a3998,0x00000000c2080000)
 Metaspace       used 29779K, capacity 30160K, committed 30336K, reserved 1075200K
  class space    used 4008K, capacity 4161K, committed 4224K, reserved 1048576K
GC Heap History (10 events):
Event: 5.028 GC heap before
{Heap before GC invocations=6 (full 0):
 PSYoungGen      total 18944K, used 18944K [0x00000000eab00000, 0x00000000ed700000, 0x0000000100000000)
  eden space 16384K, 100% used [0x00000000eab00000,0x00000000ebb00000,0x00000000ebb00000)
  from space 2560K, 100% used [0x00000000ebb00000,0x00000000ebd80000,0x00000000ebd80000)
  to   space 6144K, 0% used [0x00000000ed100000,0x00000000ed100000,0x00000000ed700000)
 ParOldGen       total 44032K, used 5940K [0x00000000c0000000, 0x00000000c2b00000, 0x00000000eab00000)
  object space 44032K, 13% used [0x00000000c0000000,0x00000000c05cd1e0,0x00000000c2b00000)
 Metaspace       used 14606K, capacity 14912K, committed 15104K, reserved 1062912K
  class space    used 2085K, capacity 2234K, committed 2304K, reserved 1048576K
Event: 5.051 GC heap after
Heap after GC invocations=6 (full 0):
 PSYoungGen      total 38912K, used 4442K [0x00000000eab00000, 0x00000000ed700000, 0x0000000100000000)
  eden space 32768K, 0% used [0x00000000eab00000,0x00000000eab00000,0x00000000ecb00000)
  from space 6144K, 72% used [0x00000000ed100000,0x00000000ed556938,0x00000000ed700000)
  to   space 6144K, 0% used [0x00000000ecb00000,0x00000000ecb00000,0x00000000ed100000)
 ParOldGen       total 44032K, used 5940K [0x00000000c0000000, 0x00000000c2b00000, 0x00000000eab00000)
  object space 44032K, 13% used [0x00000000c0000000,0x00000000c05cd1e0,0x00000000c2b00000)
 Metaspace       used 14606K, capacity 14912K, committed 15104K, reserved 1062912K
  class space    used 2085K, capacity 2234K, committed 2304K, reserved 1048576K
}
Event: 6.413 GC heap before
{Heap before GC invocations=7 (full 0):
 PSYoungGen      total 38912K, used 37210K [0x00000000eab00000, 0x00000000ed700000, 0x0000000100000000)
  eden space 32768K, 100% used [0x00000000eab00000,0x00000000ecb00000,0x00000000ecb00000)
  from space 6144K, 72% used [0x00000000ed100000,0x00000000ed556938,0x00000000ed700000)
  to   space 6144K, 0% used [0x00000000ecb00000,0x00000000ecb00000,0x00000000ed100000)
 ParOldGen       total 44032K, used 5940K [0x00000000c0000000, 0x00000000c2b00000, 0x00000000eab00000)
  object space 44032K, 13% used [0x00000000c0000000,0x00000000c05cd1e0,0x00000000c2b00000)
 Metaspace       used 18068K, capacity 18442K, committed 18688K, reserved 1064960K
  class space    used 2606K, capacity 2721K, committed 2816K, reserved 1048576K
Event: 6.434 GC heap after
Heap after GC invocations=7 (full 0):
 PSYoungGen      total 38912K, used 6125K [0x00000000eab00000, 0x00000000efa00000, 0x0000000100000000)
  eden space 32768K, 0% used [0x00000000eab00000,0x00000000eab00000,0x00000000ecb00000)
  from space 6144K, 99% used [0x00000000ecb00000,0x00000000ed0fb6d0,0x00000000ed100000)
  to   space 7680K, 0% used [0x00000000ef280000,0x00000000ef280000,0x00000000efa00000)
 ParOldGen       total 44032K, used 7216K [0x00000000c0000000, 0x00000000c2b00000, 0x00000000eab00000)
  object space 44032K, 16% used [0x00000000c0000000,0x00000000c070c1b8,0x00000000c2b00000)
 Metaspace       used 18068K, capacity 18442K, committed 18688K, reserved 1064960K
  class space    used 2606K, capacity 2721K, committed 2816K, reserved 1048576K
}
Event: 6.883 GC heap before
{Heap before GC invocations=8 (full 0):
 PSYoungGen      total 38912K, used 17273K [0x00000000eab00000, 0x00000000efa00000, 0x0000000100000000)
  eden space 32768K, 34% used [0x00000000eab00000,0x00000000eb5e2ed8,0x00000000ecb00000)
  from space 6144K, 99% used [0x00000000ecb00000,0x00000000ed0fb6d0,0x00000000ed100000)
  to   space 7680K, 0% used [0x00000000ef280000,0x00000000ef280000,0x00000000efa00000)
 ParOldGen       total 44032K, used 7216K [0x00000000c0000000, 0x00000000c2b00000, 0x00000000eab00000)
  object space 44032K, 16% used [0x00000000c0000000,0x00000000c070c1b8,0x00000000c2b00000)
 Metaspace       used 20796K, capacity 21130K, committed 21248K, reserved 1067008K
  class space    used 2918K, capacity 3041K, committed 3072K, reserved 1048576K
Event: 6.899 GC heap after
Heap after GC invocations=8 (full 0):
 PSYoungGen      total 72192K, used 4481K [0x00000000eab00000, 0x00000000ef900000, 0x0000000100000000)
  eden space 65536K, 0% used [0x00000000eab00000,0x00000000eab00000,0x00000000eeb00000)
  from space 6656K, 67% used [0x00000000ef280000,0x00000000ef6e06a0,0x00000000ef900000)
  to   space 7168K, 0% used [0x00000000eeb00000,0x00000000eeb00000,0x00000000ef200000)
 ParOldGen       total 44032K, used 8240K [0x00000000c0000000, 0x00000000c2b00000, 0x00000000eab00000)
  object space 44032K, 18% used [0x00000000c0000000,0x00000000c080c228,0x00000000c2b00000)
 Metaspace       used 20796K, capacity 21130K, committed 21248K, reserved 1067008K
  class space    used 2918K, capacity 3041K, committed 3072K, reserved 1048576K
}
Event: 6.899 GC heap before
{Heap before GC invocations=9 (full 1):
 PSYoungGen      total 72192K, used 4481K [0x00000000eab00000, 0x00000000ef900000, 0x0000000100000000)
  eden space 65536K, 0% used [0x00000000eab00000,0x00000000eab00000,0x00000000eeb00000)
  from space 6656K, 67% used [0x00000000ef280000,0x00000000ef6e06a0,0x00000000ef900000)
  to   space 7168K, 0% used [0x00000000eeb00000,0x00000000eeb00000,0x00000000ef200000)
 ParOldGen       total 44032K, used 8240K [0x00000000c0000000, 0x00000000c2b00000, 0x00000000eab00000)
  object space 44032K, 18% used [0x00000000c0000000,0x00000000c080c228,0x00000000c2b00000)
 Metaspace       used 20796K, capacity 21130K, committed 21248K, reserved 1067008K
  class space    used 2918K, capacity 3041K, committed 3072K, reserved 1048576K
Event: 7.009 GC heap after
Heap after GC invocations=9 (full 1):
 PSYoungGen      total 72192K, used 0K [0x00000000eab00000, 0x00000000ef900000, 0x0000000100000000)
  eden space 65536K, 0% used [0x00000000eab00000,0x00000000eab00000,0x00000000eeb00000)
  from space 6656K, 0% used [0x00000000ef280000,0x00000000ef280000,0x00000000ef900000)
  to   space 7168K, 0% used [0x00000000eeb00000,0x00000000eeb00000,0x00000000ef200000)
 ParOldGen       total 33280K, used 7666K [0x00000000c0000000, 0x00000000c2080000, 0x00000000eab00000)
  object space 33280K, 23% used [0x00000000c0000000,0x00000000c077c840,0x00000000c2080000)
 Metaspace       used 20796K, capacity 21130K, committed 21248K, reserved 1067008K
  class space    used 2918K, capacity 3041K, committed 3072K, reserved 1048576K
}
Event: 9.015 GC heap before
{Heap before GC invocations=10 (full 1):
 PSYoungGen      total 72192K, used 65150K [0x00000000eab00000, 0x00000000ef900000, 0x0000000100000000)
  eden space 65536K, 99% used [0x00000000eab00000,0x00000000eea9f9e8,0x00000000eeb00000)
  from space 6656K, 0% used [0x00000000ef280000,0x00000000ef280000,0x00000000ef900000)
  to   space 7168K, 0% used [0x00000000eeb00000,0x00000000eeb00000,0x00000000ef200000)
 ParOldGen       total 33280K, used 7666K [0x00000000c0000000, 0x00000000c2080000, 0x00000000eab00000)
  object space 33280K, 23% used [0x00000000c0000000,0x00000000c077c840,0x00000000c2080000)
 Metaspace       used 27881K, capacity 28198K, committed 28544K, reserved 1073152K
  class space    used 3768K, capacity 3892K, committed 3968K, reserved 1048576K
Event: 9.048 GC heap after
Heap after GC invocations=10 (full 1):
 PSYoungGen      total 72704K, used 7142K [0x00000000eab00000, 0x00000000ef900000, 0x0000000100000000)
  eden space 65536K, 0% used [0x00000000eab00000,0x00000000eab00000,0x00000000eeb00000)
  from space 7168K, 99% used [0x00000000eeb00000,0x00000000ef1f9ba8,0x00000000ef200000)
  to   space 6656K, 0% used [0x00000000ef280000,0x00000000ef280000,0x00000000ef900000)
 ParOldGen       total 33280K, used 8846K [0x00000000c0000000, 0x00000000c2080000, 0x00000000eab00000)
  object space 33280K, 26% used [0x00000000c0000000,0x00000000c08a3998,0x00000000c2080000)
 Metaspace       used 27881K, capacity 28198K, committed 28544K, reserved 1073152K
  class space    used 3768K, capacity 3892K, committed 3968K, reserved 1048576K
}

