# JRE version: Java(TM) SE Runtime Environment (10.0+46) (build 10+46)
# Java VM: Java HotSpot(TM) 64-Bit Server VM (10+46, mixed mode, tiered, compressed oops, g1 gc, windows-amd64)
Heap:
 garbage-first heap   total 138240K, used 83828K [0x00000000c0000000, 0x0000000100000000)
  region size 1024K, 27 young (27648K), 4 survivors (4096K)
 Metaspace       used 75045K, capacity 76680K, committed 76880K, reserved 1116160K
  class space    used 9198K, capacity 9792K, committed 9856K, reserved 1048576K
GC Heap History (10 events):
Event: 15.643 GC heap before
{Heap before GC invocations=19 (full 0):
 garbage-first heap   total 114688K, used 84403K [0x00000000c0000000, 0x0000000100000000)
  region size 1024K, 34 young (34816K), 2 survivors (2048K)
 Metaspace       used 64138K, capacity 65499K, committed 65872K, reserved 1107968K
  class space    used 7793K, capacity 8278K, committed 8320K, reserved 1048576K
}
Event: 15.657 GC heap after
{Heap after GC invocations=20 (full 0):
 garbage-first heap   total 114688K, used 53348K [0x00000000c0000000, 0x0000000100000000)
  region size 1024K, 4 young (4096K), 4 survivors (4096K)
 Metaspace       used 64138K, capacity 65499K, committed 65872K, reserved 1107968K
  class space    used 7793K, capacity 8278K, committed 8320K, reserved 1048576K
}
Event: 16.489 GC heap before
{Heap before GC invocations=20 (full 0):
 garbage-first heap   total 114688K, used 86116K [0x00000000c0000000, 0x0000000100000000)
  region size 1024K, 36 young (36864K), 4 survivors (4096K)
 Metaspace       used 66998K, capacity 68538K, committed 68944K, reserved 1110016K
  class space    used 8246K, capacity 8766K, committed 8832K, reserved 1048576K
}
Event: 16.510 GC heap after
{Heap after GC invocations=21 (full 0):
 garbage-first heap   total 114688K, used 55980K [0x00000000c0000000, 0x0000000100000000)
  region size 1024K, 5 young (5120K), 5 survivors (5120K)
 Metaspace       used 66998K, capacity 68538K, committed 68944K, reserved 1110016K
  class space    used 8246K, capacity 8766K, committed 8832K, reserved 1048576K
}
Event: 17.369 GC heap before
{Heap before GC invocations=21 (full 0):
 garbage-first heap   total 114688K, used 88748K [0x00000000c0000000, 0x0000000100000000)
  region size 1024K, 37 young (37888K), 5 survivors (5120K)
 Metaspace       used 69052K, capacity 70557K, committed 71120K, reserved 1112064K
  class space    used 8525K, capacity 9095K, committed 9216K, reserved 1048576K
}
Event: 17.389 GC heap after
{Heap after GC invocations=22 (full 0):
 garbage-first heap   total 114688K, used 57713K [0x00000000c0000000, 0x0000000100000000)
  region size 1024K, 2 young (2048K), 2 survivors (2048K)
 Metaspace       used 69052K, capacity 70557K, committed 71120K, reserved 1112064K
  class space    used 8525K, capacity 9095K, committed 9216K, reserved 1048576K
}
Event: 18.777 GC heap before
{Heap before GC invocations=23 (full 0):
 garbage-first heap   total 114688K, used 90481K [0x00000000c0000000, 0x0000000100000000)
  region size 1024K, 34 young (34816K), 2 survivors (2048K)
 Metaspace       used 71016K, capacity 72579K, committed 73040K, reserved 1114112K
  class space    used 8755K, capacity 9321K, committed 9344K, reserved 1048576K
}
Event: 18.794 GC heap after
{Heap after GC invocations=24 (full 0):
 garbage-first heap   total 138240K, used 59390K [0x00000000c0000000, 0x0000000100000000)
  region size 1024K, 4 young (4096K), 4 survivors (4096K)
 Metaspace       used 71016K, capacity 72579K, committed 73040K, reserved 1114112K
  class space    used 8755K, capacity 9321K, committed 9344K, reserved 1048576K
}
Event: 20.371 GC heap before
{Heap before GC invocations=24 (full 0):
 garbage-first heap   total 138240K, used 101374K [0x00000000c0000000, 0x0000000100000000)
  region size 1024K, 45 young (46080K), 4 survivors (4096K)
 Metaspace       used 74416K, capacity 76139K, committed 76240K, reserved 1116160K
  class space    used 9139K, capacity 9720K, committed 9728K, reserved 1048576K
}
Event: 20.394 GC heap after
{Heap after GC invocations=25 (full 0):
 garbage-first heap   total 138240K, used 61300K [0x00000000c0000000, 0x0000000100000000)
  region size 1024K, 4 young (4096K), 4 survivors (4096K)
 Metaspace       used 74416K, capacity 76139K, committed 76240K, reserved 1116160K
  class space    used 9139K, capacity 9720K, committed 9728K, reserved 1048576K
}

