# JRE version: OpenJDK Runtime Environment (8.0_152-b02) (build 1.8.0_152-release-1024-b02)
# Java VM: OpenJDK 64-Bit Server VM (25.152-b02 mixed mode windows-amd64 compressed oops)
Heap:
 PSYoungGen      total 218624K, used 44974K [0x00000000eab00000, 0x00000000fd780000, 0x0000000100000000)
  eden space 206336K, 15% used [0x00000000eab00000,0x00000000ecaf0698,0x00000000f7480000)
  from space 12288K, 99% used [0x00000000f7480000,0x00000000f807b348,0x00000000f8080000)
  to   space 18944K, 0% used [0x00000000fc500000,0x00000000fc500000,0x00000000fd780000)
 ParOldGen       total 55296K, used 29446K [0x00000000c0000000, 0x00000000c3600000, 0x00000000eab00000)
  object space 55296K, 53% used [0x00000000c0000000,0x00000000c1cc1bb0,0x00000000c3600000)
 Metaspace       used 57118K, capacity 58854K, committed 59160K, reserved 1099776K
  class space    used 7684K, capacity 8159K, committed 8240K, reserved 1048576K
GC Heap History (10 events):
Event: 23.502 GC heap before
{Heap before GC invocations=11 (full 1):
 PSYoungGen      total 136192K, used 136171K [0x00000000eab00000, 0x00000000f5700000, 0x0000000100000000)
  eden space 126976K, 100% used [0x00000000eab00000,0x00000000f2700000,0x00000000f2700000)
  from space 9216K, 99% used [0x00000000f2700000,0x00000000f2ffae48,0x00000000f3000000)
  to   space 12288K, 0% used [0x00000000f4b00000,0x00000000f4b00000,0x00000000f5700000)
 ParOldGen       total 36864K, used 15632K [0x00000000c0000000, 0x00000000c2400000, 0x00000000eab00000)
  object space 36864K, 42% used [0x00000000c0000000,0x00000000c0f44190,0x00000000c2400000)
 Metaspace       used 34405K, capacity 35200K, committed 35496K, reserved 1079296K
  class space    used 4669K, capacity 4934K, committed 5040K, reserved 1048576K
Event: 23.525 GC heap after
Heap after GC invocations=11 (full 1):
 PSYoungGen      total 164352K, used 6592K [0x00000000eab00000, 0x00000000f6d80000, 0x0000000100000000)
  eden space 152064K, 0% used [0x00000000eab00000,0x00000000eab00000,0x00000000f3f80000)
  from space 12288K, 53% used [0x00000000f4b00000,0x00000000f5170040,0x00000000f5700000)
  to   space 11776K, 0% used [0x00000000f3f80000,0x00000000f3f80000,0x00000000f4b00000)
 ParOldGen       total 36864K, used 19111K [0x00000000c0000000, 0x00000000c2400000, 0x00000000eab00000)
  object space 36864K, 51% used [0x00000000c0000000,0x00000000c12a9d70,0x00000000c2400000)
 Metaspace       used 34405K, capacity 35200K, committed 35496K, reserved 1079296K
  class space    used 4669K, capacity 4934K, committed 5040K, reserved 1048576K
}
Event: 26.699 GC heap before
{Heap before GC invocations=12 (full 1):
 PSYoungGen      total 164352K, used 158656K [0x00000000eab00000, 0x00000000f6d80000, 0x0000000100000000)
  eden space 152064K, 100% used [0x00000000eab00000,0x00000000f3f80000,0x00000000f3f80000)
  from space 12288K, 53% used [0x00000000f4b00000,0x00000000f5170040,0x00000000f5700000)
  to   space 11776K, 0% used [0x00000000f3f80000,0x00000000f3f80000,0x00000000f4b00000)
 ParOldGen       total 36864K, used 19111K [0x00000000c0000000, 0x00000000c2400000, 0x00000000eab00000)
  object space 36864K, 51% used [0x00000000c0000000,0x00000000c12a9d70,0x00000000c2400000)
 Metaspace       used 34431K, capacity 35264K, committed 35496K, reserved 1079296K
  class space    used 4669K, capacity 4934K, committed 5040K, reserved 1048576K
Event: 26.732 GC heap after
Heap after GC invocations=12 (full 1):
 PSYoungGen      total 163840K, used 2016K [0x00000000eab00000, 0x00000000f9080000, 0x0000000100000000)
  eden space 152064K, 0% used [0x00000000eab00000,0x00000000eab00000,0x00000000f3f80000)
  from space 11776K, 17% used [0x00000000f3f80000,0x00000000f4178000,0x00000000f4b00000)
  to   space 12288K, 0% used [0x00000000f8480000,0x00000000f8480000,0x00000000f9080000)
 ParOldGen       total 36864K, used 24337K [0x00000000c0000000, 0x00000000c2400000, 0x00000000eab00000)
  object space 36864K, 66% used [0x00000000c0000000,0x00000000c17c4690,0x00000000c2400000)
 Metaspace       used 34431K, capacity 35264K, committed 35496K, reserved 1079296K
  class space    used 4669K, capacity 4934K, committed 5040K, reserved 1048576K
}
Event: 29.878 GC heap before
{Heap before GC invocations=13 (full 1):
 PSYoungGen      total 163840K, used 130952K [0x00000000eab00000, 0x00000000f9080000, 0x0000000100000000)
  eden space 152064K, 84% used [0x00000000eab00000,0x00000000f28ea3a0,0x00000000f3f80000)
  from space 11776K, 17% used [0x00000000f3f80000,0x00000000f4178000,0x00000000f4b00000)
  to   space 12288K, 0% used [0x00000000f8480000,0x00000000f8480000,0x00000000f9080000)
 ParOldGen       total 36864K, used 24337K [0x00000000c0000000, 0x00000000c2400000, 0x00000000eab00000)
  object space 36864K, 66% used [0x00000000c0000000,0x00000000c17c4690,0x00000000c2400000)
 Metaspace       used 34636K, capacity 35328K, committed 35496K, reserved 1079296K
  class space    used 4680K, capacity 4934K, committed 5040K, reserved 1048576K
Event: 29.889 GC heap after
Heap after GC invocations=13 (full 1):
 PSYoungGen      total 214528K, used 1826K [0x00000000eab00000, 0x00000000f8c80000, 0x0000000100000000)
  eden space 206336K, 0% used [0x00000000eab00000,0x00000000eab00000,0x00000000f7480000)
  from space 8192K, 22% used [0x00000000f8480000,0x00000000f8648ba0,0x00000000f8c80000)
  to   space 12288K, 0% used [0x00000000f7480000,0x00000000f7480000,0x00000000f8080000)
 ParOldGen       total 36864K, used 24401K [0x00000000c0000000, 0x00000000c2400000, 0x00000000eab00000)
  object space 36864K, 66% used [0x00000000c0000000,0x00000000c17d4690,0x00000000c2400000)
 Metaspace       used 34636K, capacity 35328K, committed 35496K, reserved 1079296K
  class space    used 4680K, capacity 4934K, committed 5040K, reserved 1048576K
}
Event: 29.889 GC heap before
{Heap before GC invocations=14 (full 2):
 PSYoungGen      total 214528K, used 1826K [0x00000000eab00000, 0x00000000f8c80000, 0x0000000100000000)
  eden space 206336K, 0% used [0x00000000eab00000,0x00000000eab00000,0x00000000f7480000)
  from space 8192K, 22% used [0x00000000f8480000,0x00000000f8648ba0,0x00000000f8c80000)
  to   space 12288K, 0% used [0x00000000f7480000,0x00000000f7480000,0x00000000f8080000)
 ParOldGen       total 36864K, used 24401K [0x00000000c0000000, 0x00000000c2400000, 0x00000000eab00000)
  object space 36864K, 66% used [0x00000000c0000000,0x00000000c17d4690,0x00000000c2400000)
 Metaspace       used 34636K, capacity 35328K, committed 35496K, reserved 1079296K
  class space    used 4680K, capacity 4934K, committed 5040K, reserved 1048576K
Event: 30.053 GC heap after
Heap after GC invocations=14 (full 2):
 PSYoungGen      total 214528K, used 0K [0x00000000eab00000, 0x00000000f8c80000, 0x0000000100000000)
  eden space 206336K, 0% used [0x00000000eab00000,0x00000000eab00000,0x00000000f7480000)
  from space 8192K, 0% used [0x00000000f8480000,0x00000000f8480000,0x00000000f8c80000)
  to   space 12288K, 0% used [0x00000000f7480000,0x00000000f7480000,0x00000000f8080000)
 ParOldGen       total 55296K, used 16663K [0x00000000c0000000, 0x00000000c3600000, 0x00000000eab00000)
  object space 55296K, 30% used [0x00000000c0000000,0x00000000c1045dc8,0x00000000c3600000)
 Metaspace       used 34585K, capacity 35196K, committed 35496K, reserved 1079296K
  class space    used 4666K, capacity 4890K, committed 5040K, reserved 1048576K
}
Event: 36.109 GC heap before
{Heap before GC invocations=15 (full 2):
 PSYoungGen      total 214528K, used 206336K [0x00000000eab00000, 0x00000000f8c80000, 0x0000000100000000)
  eden space 206336K, 100% used [0x00000000eab00000,0x00000000f7480000,0x00000000f7480000)
  from space 8192K, 0% used [0x00000000f8480000,0x00000000f8480000,0x00000000f8c80000)
  to   space 12288K, 0% used [0x00000000f7480000,0x00000000f7480000,0x00000000f8080000)
 ParOldGen       total 55296K, used 16663K [0x00000000c0000000, 0x00000000c3600000, 0x00000000eab00000)
  object space 55296K, 30% used [0x00000000c0000000,0x00000000c1045dc8,0x00000000c3600000)
 Metaspace       used 54778K, capacity 56194K, committed 56360K, reserved 1097728K
  class space    used 7279K, capacity 7703K, committed 7728K, reserved 1048576K
Event: 36.159 GC heap after
Heap after GC invocations=15 (full 2):
 PSYoungGen      total 218624K, used 12268K [0x00000000eab00000, 0x00000000fd780000, 0x0000000100000000)
  eden space 206336K, 0% used [0x00000000eab00000,0x00000000eab00000,0x00000000f7480000)
  from space 12288K, 99% used [0x00000000f7480000,0x00000000f807b348,0x00000000f8080000)
  to   space 18944K, 0% used [0x00000000fc500000,0x00000000fc500000,0x00000000fd780000)
 ParOldGen       total 55296K, used 29446K [0x00000000c0000000, 0x00000000c3600000, 0x00000000eab00000)
  object space 55296K, 53% used [0x00000000c0000000,0x00000000c1cc1bb0,0x00000000c3600000)
 Metaspace       used 54778K, capacity 56194K, committed 56360K, reserved 1097728K
  class space    used 7279K, capacity 7703K, committed 7728K, reserved 1048576K
}

